2016-05-26 22:44:26 [scrapy] INFO: Scrapy 1.0.5 started (bot: DemoScrapy)
2016-05-26 22:44:26 [scrapy] INFO: Optional features available: ssl, http11
2016-05-26 22:44:26 [scrapy] INFO: Overridden settings: {'NEWSPIDER_MODULE': 'DemoScrapy.spiders', 'SPIDER_MODULES': ['DemoScrapy.spiders'], 'LOG_FILE': 'scrapy.log', 'BOT_NAME': 'DemoScrapy'}
2016-05-26 22:44:27 [scrapy] INFO: Enabled extensions: CloseSpider, TelnetConsole, LogStats, CoreStats, SpiderState
2016-05-26 22:44:27 [scrapy] INFO: Enabled downloader middlewares: HttpAuthMiddleware, DownloadTimeoutMiddleware, UserAgentMiddleware, RetryMiddleware, DefaultHeadersMiddleware, MetaRefreshMiddleware, HttpCompressionMiddleware, RedirectMiddleware, CookiesMiddleware, ChunkedTransferMiddleware, DownloaderStats
2016-05-26 22:44:27 [scrapy] INFO: Enabled spider middlewares: HttpErrorMiddleware, OffsiteMiddleware, RefererMiddleware, UrlLengthMiddleware, DepthMiddleware
2016-05-26 22:44:27 [scrapy] INFO: Enabled item pipelines: 
2016-05-26 22:44:27 [scrapy] INFO: Spider opened
2016-05-26 22:44:27 [scrapy] INFO: Crawled 0 pages (at 0 pages/min), scraped 0 items (at 0 items/min)
2016-05-26 22:44:27 [scrapy] DEBUG: Telnet console listening on 127.0.0.1:6023
2016-05-26 22:44:28 [scrapy] DEBUG: Redirecting (302) to <GET http://www.demo.com/ehome/index.php?eventid=29414&> from <GET http://www.demo.com/>
2016-05-26 22:44:29 [scrapy] DEBUG: Crawled (200) <GET http://www.demo.com/ehome/index.php?eventid=29414&> (referer: None)
2016-05-26 22:44:29 [scrapy] INFO: Closing spider (finished)
2016-05-26 22:44:29 [scrapy] INFO: Dumping Scrapy stats:
{'downloader/request_bytes': 643,
 'downloader/request_count': 2,
 'downloader/request_method_count/GET': 2,
 'downloader/response_bytes': 13220,
 'downloader/response_count': 2,
 'downloader/response_status_count/200': 1,
 'downloader/response_status_count/302': 1,
 'finish_reason': 'finished',
 'finish_time': datetime.datetime(2016, 5, 26, 14, 44, 29, 171000),
 'log_count/DEBUG': 3,
 'log_count/INFO': 7,
 'response_received_count': 1,
 'scheduler/dequeued': 2,
 'scheduler/dequeued/memory': 2,
 'scheduler/enqueued': 2,
 'scheduler/enqueued/memory': 2,
 'start_time': datetime.datetime(2016, 5, 26, 14, 44, 27, 293000)}
2016-05-26 22:44:29 [scrapy] INFO: Spider closed (finished)
2016-05-26 23:41:19 [scrapy] INFO: Scrapy 1.0.5 started (bot: DemoScrapy)
2016-05-26 23:41:19 [scrapy] INFO: Optional features available: ssl, http11
2016-05-26 23:41:19 [scrapy] INFO: Overridden settings: {'NEWSPIDER_MODULE': 'DemoScrapy.spiders', 'CONCURRENT_REQUESTS_PER_DOMAIN': 16, 'CONCURRENT_REQUESTS': 32, 'SPIDER_MODULES': ['DemoScrapy.spiders'], 'CONCURRENT_REQUESTS_PER_IP': 16, 'BOT_NAME': 'DemoScrapy', 'COOKIES_ENABLED': False, 'USER_AGENT': 'DemoScrapy (+http://www.yourdomain.com)', 'LOG_FILE': 'scrapy.log', 'DOWNLOAD_DELAY': 3}
2016-05-26 23:41:19 [scrapy] INFO: Enabled extensions: CloseSpider, TelnetConsole, LogStats, CoreStats, SpiderState
2016-05-26 23:41:20 [scrapy] INFO: Enabled downloader middlewares: HttpAuthMiddleware, DownloadTimeoutMiddleware, UserAgentMiddleware, RetryMiddleware, DefaultHeadersMiddleware, MetaRefreshMiddleware, HttpCompressionMiddleware, RedirectMiddleware, ChunkedTransferMiddleware, DownloaderStats
2016-05-26 23:41:20 [scrapy] INFO: Enabled spider middlewares: HttpErrorMiddleware, OffsiteMiddleware, RefererMiddleware, UrlLengthMiddleware, DepthMiddleware
2016-05-26 23:41:20 [scrapy] INFO: Enabled item pipelines: JsonWriterPipeline
2016-05-26 23:41:20 [scrapy] INFO: Spider opened
2016-05-26 23:41:20 [scrapy] INFO: Crawled 0 pages (at 0 pages/min), scraped 0 items (at 0 items/min)
2016-05-26 23:41:20 [scrapy] DEBUG: Telnet console listening on 127.0.0.1:6023
2016-05-26 23:41:20 [scrapy] DEBUG: Crawled (200) <GET http://db.yaozh.com/yibao?p=6&pageSize=30> (referer: None)
2016-05-26 23:41:20 [scrapy] ERROR: Error processing {'name': [u'\n\t              120              \t',
          u'\n\t              \u5236\u9709\u7d20              \t',
          u'\n\t              \u53e3\u670d\u5e38\u91ca\u5242\u578b              \t',
          u'\n\t              1\u6297\u5fae\u751f\u7269\u836f\u72691.4 \u6297\u771f\u83cc\u836f\u7269 1.4.2 \u591a\u70ef\u7c7b\u836f\u7269              \t',
          u'\n\t              \u7532\u7c7b              \t',
          u'\n\t                            \t',
          u'\n\t                            \t',
          u'\n\t                            \t\t',
          u'\n              \t\t              \t',
          u'\n\t              121              \t',
          u'\n\t              \u4e24\u6027\u9709\u7d20B              \t',
          u'\n\t              \u6ce8\u5c04\u5242              \t',
          u'\n\t              1\u6297\u5fae\u751f\u7269\u836f\u72691.4 \u6297\u771f\u83cc\u836f\u7269 1.4.2 \u591a\u70ef\u7c7b\u836f\u7269              \t',
          u'\n\t              \u4e59\u7c7b              \t',
          u'\n\t                            \t',
          u'\n\t                            \t',
          u'\n\t                            \t\t',
          u'\n              \t\t              \t',
          u'\n\t              122              \t',
          u'\n\t              \u5361\u6cca\u82ac\u51c0              \t',
          u'\n\t              \u6ce8\u5c04\u5242              \t',
          u'\n\t              1\u6297\u5fae\u751f\u7269\u836f\u72691.4 \u6297\u771f\u83cc\u836f\u7269 1.4.3 \u68d8\u767d\u83cc\u7d20\u7c7b\u836f\u7269              \t',
          u'\n\t              \u4e59\u7c7b              \t',
          u'\n\t              \u9650\u5de5\u4f24\u4fdd\u9669              \t',
          u'\n\t                            \t',
          u'\n\t                            \t\t',
          u'\n              \t\t              \t',
          u'\n\t              123              \t',
          u'\n\t              \u7c73\u5361\u82ac\u51c0              \t',
          u'\n\t              \u6ce8\u5c04\u5242              \t',
          u'\n\t              1\u6297\u5fae\u751f\u7269\u836f\u72691.4 \u6297\u771f\u83cc\u836f\u7269 1.4.3 \u68d8\u767d\u83cc\u7d20\u7c7b\u836f\u7269              \t',
          u'\n\t              \u4e59\u7c7b              \t',
          u'\n\t              \u9650\u5de5\u4f24\u4fdd\u9669              \t',
          u'\n\t                            \t',
          u'\n\t                            \t\t',
          u'\n              \t\t              \t',
          u'\n\t              124              \t',
          u'\n\t              \u6c1f\u80de\u5627\u5576              \t',
          u'\n\t              \u53e3\u670d\u5e38\u91ca\u5242\u578b              \t',
          u'\n\t              1\u6297\u5fae\u751f\u7269\u836f\u72691.4 \u6297\u771f\u83cc\u836f\u7269 1.4.4 \u5176\u4ed6\u6297\u771f\u83cc\u836f\u7269              \t',
          u'\n\t              \u4e59\u7c7b              \t',
          u'\n\t                            \t',
          u'\n\t                            \t',
          u'\n\t                            \t\t',
          u'\n              \t\t              \t',
          u'\n\t              \u2605(124)              \t',
          u'\n\t              \u6c1f\u80de\u5627\u5576              \t',
          u'\n\t              \u6ce8\u5c04\u5242              \t',
          u'\n\t              1\u6297\u5fae\u751f\u7269\u836f\u72691.4 \u6297\u771f\u83cc\u836f\u7269 1.4.4 \u5176\u4ed6\u6297\u771f\u83cc\u836f\u7269              \t',
          u'\n\t              \u4e59\u7c7b              \t',
          u'\n\t                            \t',
          u'\n\t                            \t',
          u'\n\t                            \t\t',
          u'\n              \t\t              \t',
          u'\n\t              125              \t',
          u'\n\t              \u7279\u6bd4\u8418\u82ac              \t',
          u'\n\t              \u53e3\u670d\u5e38\u91ca\u5242\u578b              \t',
          u'\n\t              1\u6297\u5fae\u751f\u7269\u836f\u72691.4 \u6297\u771f\u83cc\u836f\u7269 1.4.4 \u5176\u4ed6\u6297\u771f\u83cc\u836f\u7269              \t',
          u'\n\t              \u4e59\u7c7b              \t',
          u'\n\t              \u25b3              \t',
          u'\n\t                            \t',
          u'\n\t                            \t\t',
          u'\n              \t\t              \t',
          u'\n\t              126              \t',
          u'\n\t              \u963f\u6614\u6d1b\u97e6              \t',
          u'\n\t              \u53e3\u670d\u5e38\u91ca\u5242\u578b              \t',
          u'\n\t              1\u6297\u5fae\u751f\u7269\u836f\u72691.5 \u6297\u75c5\u6bd2\u836f\u7269 1.5.1 \u5e7f\u8c31\u7c7b\u836f\u7269\uff08\u975e\u9006\u8f6c\u5f55\u9176\u6291\u5236\uff09              \t',
          u'\n\t              \u7532\u7c7b              \t',
          u'\n\t                            \t',
          u'\n\t                            \t',
          u'\n\t                            \t\t',
          u'\n              \t\t              \t',
          u'\n\t              127              \t',
          u'\n\t              \u5229\u5df4\u97e6\u6797              \t',
          u'\n\t              \u53e3\u670d\u5e38\u91ca\u5242\u578b\n\u9897\u7c92\u5242              \t',
          u'\n\t              1\u6297\u5fae\u751f\u7269\u836f\u72691.5 \u6297\u75c5\u6bd2\u836f\u7269 1.5.1 \u5e7f\u8c31\u7c7b\u836f\u7269\uff08\u975e\u9006\u8f6c\u5f55\u9176\u6291\u5236\uff09              \t',
          u'\n\t              \u7532\u7c7b              \t',
          u'\n\t                            \t',
          u'\n\t                            \t',
          u'\n\t                            \t\t',
          u'\n              \t\t              \t',
          u'\n\t              \u2605(127)              \t',
          u'\n\t              \u5229\u5df4\u97e6\u6797              \t',
          u'\n\t              \u6ce8\u5c04\u5242              \t',
          u'\n\t              1\u6297\u5fae\u751f\u7269\u836f\u72691.5 \u6297\u75c5\u6bd2\u836f\u7269 1.5.1 \u5e7f\u8c31\u7c7b\u836f\u7269\uff08\u975e\u9006\u8f6c\u5f55\u9176\u6291\u5236\uff09              \t',
          u'\n\t              \u7532\u7c7b              \t',
          u'\n\t                            \t',
          u'\n\t                            \t',
          u'\n\t                            \t\t',
          u'\n              \t\t              \t',
          u'\n\t              \u2605(126)              \t',
          u'\n\t              \u963f\u6614\u6d1b\u97e6              \t',
          u'\n\t              \u6ce8\u5c04\u5242              \t',
          u'\n\t              1\u6297\u5fae\u751f\u7269\u836f\u72691.5 \u6297\u75c5\u6bd2\u836f\u7269 1.5.1 \u5e7f\u8c31\u7c7b\u836f\u7269\uff08\u975e\u9006\u8f6c\u5f55\u9176\u6291\u5236\uff09              \t',
          u'\n\t              \u4e59\u7c7b              \t',
          u'\n\t                            \t',
          u'\n\t                            \t',
          u'\n\t                            \t\t',
          u'\n              \t\t              \t',
          u'\n\t              128              \t',
          u'\n\t              \u4f10\u6614\u6d1b\u97e6              \t',
          u'\n\t              \u53e3\u670d\u5e38\u91ca\u5242\u578b              \t',
          u'\n\t              1\u6297\u5fae\u751f\u7269\u836f\u72691.5 \u6297\u75c5\u6bd2\u836f\u7269 1.5.1 \u5e7f\u8c31\u7c7b\u836f\u7269\uff08\u975e\u9006\u8f6c\u5f55\u9176\u6291\u5236\uff09              \t',
          u'\n\t              \u4e59\u7c7b              \t',
          u'\n\t                            \t',
          u'\n\t                            \t',
          u'\n\t                            \t\t',
          u'\n              \t\t              \t',
          u'\n\t              129              \t',
          u'\n\t              \u6cdb\u6614\u6d1b\u97e6              \t',
          u'\n\t              \u53e3\u670d\u5e38\u91ca\u5242\u578b              \t',
          u'\n\t              1\u6297\u5fae\u751f\u7269\u836f\u72691.5 \u6297\u75c5\u6bd2\u836f\u7269 1.5.1 \u5e7f\u8c31\u7c7b\u836f\u7269\uff08\u975e\u9006\u8f6c\u5f55\u9176\u6291\u5236\uff09              \t',
          u'\n\t              \u4e59\u7c7b              \t',
          u'\n\t                            \t',
          u'\n\t                            \t',
          u'\n\t                            \t\t',
          u'\n              \t\t              \t',
          u'\n\t              \u2605(129)              \t',
          u'\n\t              \u6cdb\u6614\u6d1b\u97e6              \t',
          u'\n\t              \u6ce8\u5c04\u5242              \t',
          u'\n\t              1\u6297\u5fae\u751f\u7269\u836f\u72691.5 \u6297\u75c5\u6bd2\u836f\u7269 1.5.1 \u5e7f\u8c31\u7c7b\u836f\u7269\uff08\u975e\u9006\u8f6c\u5f55\u9176\u6291\u5236\uff09              \t',
          u'\n\t              \u4e59\u7c7b              \t',
          u'\n\t                            \t',
          u'\n\t                            \t',
          u'\n\t                            \t\t',
          u'\n              \t\t              \t',
          u'\n\t              130              \t',
          u'\n\t              \u66f4\u6614\u6d1b\u97e6              \t',
          u'\n\t              \u53e3\u670d\u5e38\u91ca\u5242\u578b              \t',
          u'\n\t              1\u6297\u5fae\u751f\u7269\u836f\u72691.5 \u6297\u75c5\u6bd2\u836f\u7269 1.5.1 \u5e7f\u8c31\u7c7b\u836f\u7269\uff08\u975e\u9006\u8f6c\u5f55\u9176\u6291\u5236\uff09              \t',
          u'\n\t              \u4e59\u7c7b              \t',
          u'\n\t                            \t',
          u'\n\t                            \t',
          u'\n\t                            \t\t',
          u'\n              \t\t              \t',
          u'\n\t              \u2605(130)              \t',
          u'\n\t              \u66f4\u6614\u6d1b\u97e6              \t',
          u'\n\t              \u6ce8\u5c04\u5242              \t',
          u'\n\t              1\u6297\u5fae\u751f\u7269\u836f\u72691.5 \u6297\u75c5\u6bd2\u836f\u7269 1.5.1 \u5e7f\u8c31\u7c7b\u836f\u7269\uff08\u975e\u9006\u8f6c\u5f55\u9176\u6291\u5236\uff09              \t',
          u'\n\t              \u4e59\u7c7b              \t',
          u'\n\t                            \t',
          u'\n\t                            \t',
          u'\n\t                            \t\t',
          u'\n              \t\t              \t',
          u'\n\t              132              \t',
          u'\n\t              \u6069\u592b\u97e6\u80bd              \t',
          u'\n\t              \u6ce8\u5c04\u5242              \t',
          u'\n\t              1\u6297\u5fae\u751f\u7269\u836f\u72691.5 \u6297\u75c5\u6bd2\u836f\u7269 1.5.2 \u6838\u82f7\u7c7b\u9006\u8f6c\u5f55\u9176\u6291\u5236\u5242              \t',
          u'\n\t              \u4e59\u7c7b              \t',
          u'\n\t              \u9650\u827e\u6ecb\u75c5\u75c5\u6bd2\u611f\u67d3              \t',
          u'\n\t                            \t',
          u'\n\t                            \t\t',
          u'\n              \t\t              \t',
          u'\n\t              133              \t',
          u'\n\t              \u6069\u66f2\u4ed6\u6ee8              \t',
          u'\n\t              \u53e3\u670d\u5e38\u91ca\u5242\u578b              \t',
          u'\n\t              1\u6297\u5fae\u751f\u7269\u836f\u72691.5 \u6297\u75c5\u6bd2\u836f\u7269 1.5.2 \u6838\u82f7\u7c7b\u9006\u8f6c\u5f55\u9176\u6291\u5236\u5242              \t',
          u'\n\t              \u4e59\u7c7b              \t',
          u'\n\t              \u9650\u827e\u6ecb\u75c5\u75c5\u6bd2\u611f\u67d3              \t',
          u'\n\t                            \t',
          u'\n\t                            \t\t',
          u'\n              \t\t              \t',
          u'\n\t              134              \t',
          u'\n\t              \u6069\u66ff\u5361\u97e6              \t',
          u'\n\t              \u53e3\u670d\u5e38\u91ca\u5242\u578b              \t',
          u'\n\t              1\u6297\u5fae\u751f\u7269\u836f\u72691.5 \u6297\u75c5\u6bd2\u836f\u7269 1.5.2 \u6838\u82f7\u7c7b\u9006\u8f6c\u5f55\u9176\u6291\u5236\u5242              \t',
          u'\n\t              \u4e59\u7c7b              \t',
          u'\n\t              \u9650\u6d3b\u52a8\u6027\u809d\u708e              \t',
          u'\n\t                            \t',
          u'\n\t                            \t\t',
          u'\n              \t\t              \t',
          u'\n\t              135              \t',
          u'\n\t              \u62c9\u7c73\u592b\u5b9a              \t',
          u'\n\t              \u53e3\u670d\u5e38\u91ca\u5242\u578b              \t',
          u'\n\t              1\u6297\u5fae\u751f\u7269\u836f\u72691.5 \u6297\u75c5\u6bd2\u836f\u7269 1.5.2 \u6838\u82f7\u7c7b\u9006\u8f6c\u5f55\u9176\u6291\u5236\u5242              \t',
          u'\n\t              \u4e59\u7c7b              \t',
          u'\n\t              \u9650\u6d3b\u52a8\u6027\u809d\u708e              \t',
          u'\n\t                            \t',
          u'\n\t                            \t\t',
          u'\n              \t\t              \t',
          u'\n\t              136              \t',
          u'\n\t              \u9f50\u591a\u62c9\u7c73\u53cc\u592b\u5b9a              \t',
          u'\n\t              \u53e3\u670d\u5e38\u91ca\u5242\u578b              \t',
          u'\n\t              1\u6297\u5fae\u751f\u7269\u836f\u72691.5 \u6297\u75c5\u6bd2\u836f\u7269 1.5.2 \u6838\u82f7\u7c7b\u9006\u8f6c\u5f55\u9176\u6291\u5236\u5242              \t',
          u'\n\t              \u4e59\u7c7b              \t',
          u'\n\t              \u9650\u827e\u6ecb\u75c5\u75c5\u6bd2\u611f\u67d3              \t',
          u'\n\t                            \t',
          u'\n\t                            \t\t',
          u'\n              \t\t              \t',
          u'\n\t              137              \t',
          u'\n\t              \u66ff\u6bd4\u592b\u5b9a              \t',
          u'\n\t              \u53e3\u670d\u5e38\u91ca\u5242\u578b              \t',
          u'\n\t              1\u6297\u5fae\u751f\u7269\u836f\u72691.5 \u6297\u75c5\u6bd2\u836f\u7269 1.5.2 \u6838\u82f7\u7c7b\u9006\u8f6c\u5f55\u9176\u6291\u5236\u5242              \t',
          u'\n\t              \u4e59\u7c7b              \t',
          u'\n\t              \u9650\u6d3b\u52a8\u6027\u809d\u708e              \t',
          u'\n\t                            \t',
          u'\n\t                            \t\t',
          u'\n              \t\t              \t',
          u'\n\t              138              \t',
          u'\n\t              \u5965\u53f8\u4ed6\u97e6              \t',
          u'\n\t              \u53e3\u670d\u5e38\u91ca\u5242\u578b              \t',
          u'\n\t              1\u6297\u5fae\u751f\u7269\u836f\u72691.5 \u6297\u75c5\u6bd2\u836f\u7269 1.5.3 \u86cb\u767d\u9176\u6291\u5236\u5242              \t',
          u'\n\t              \u4e59\u7c7b              \t',
          u'\n\t              \u9650\u6d41\u611f\u91cd\u75c7\u60a3\u8005              \t',
          u'\n\t                            \t',
          u'\n\t                            \t\t',
          u'\n              \t\t              \t',
          u'\n\t              139              \t',
          u'\n\t              \u91d1\u521a\u4e59\u80fa              \t',
          u'\n\t              \u53e3\u670d\u5e38\u91ca\u5242\u578b\n\u53e3\u670d\u6db2\u4f53\u5242\n\u9897\u7c92\u5242              \t',
          u'\n\t              1\u6297\u5fae\u751f\u7269\u836f\u72691.5 \u6297\u75c5\u6bd2\u836f\u7269 1.5.3 \u86cb\u767d\u9176\u6291\u5236\u5242              \t',
          u'\n\t              \u4e59\u7c7b              \t',
          u'\n\t              \u9650\u513f\u7ae5              \t',
          u'\n\t                            \t',
          u'\n\t                            \t\t',
          u'\n              \t\t              \t',
          u'\n\t              140              \t',
          u'\n\t              \u6c99\u594e\u90a3\u97e6              \t',
          u'\n\t              \u53e3\u670d\u5e38\u91ca\u5242\u578b              \t',
          u'\n\t              1\u6297\u5fae\u751f\u7269\u836f\u72691.5 \u6297\u75c5\u6bd2\u836f\u7269 1.5.3 \u86cb\u767d\u9176\u6291\u5236\u5242              \t',
          u'\n\t              \u4e59\u7c7b              \t',
          u'\n\t              \u9650\u827e\u6ecb\u75c5\u75c5\u6bd2\u611f\u67d3              \t',
          u'\n\t                            \t',
          u'\n\t                            \t\t',
          u'\n              \t\t              \t',
          u'\n\t              141              \t',
          u'\n\t              \u6297\u827e\u6ecb\u75c5\u7528\u836f              \t',
          u'\n\t                            \t',
          u'\n\t              1\u6297\u5fae\u751f\u7269\u836f\u72691.5 \u6297\u75c5\u6bd2\u836f\u72691.5.4 \u5176\u4ed6\u6297\u75c5\u6bd2\u836f\u7269 \u6297\u827e\u6ecb\u75c5\u7528\u836f              \t',
          u'\n\t              \u7532\u7c7b              \t',
          u'\n\t              \u25c7              \t',
          u'\n\t                            \t',
          u'\n\t                            \t\t',
          u'\n              \t\t              \t',
          u'\n\t              141              \t',
          u'\n\t              \u9f50\u591a\u592b\u5b9a              \t',
          u'\n\t                            \t',
          u'\n\t              1\u6297\u5fae\u751f\u7269\u836f\u72691.5 \u6297\u75c5\u6bd2\u836f\u72691.5.4 \u5176\u4ed6\u6297\u75c5\u6bd2\u836f\u7269 \u6297\u827e\u6ecb\u75c5\u7528\u836f              \t',
          u'\n\t              \u7532\u7c7b              \t',
          u'\n\t              \u25c7              \t',
          u'\n\t                            \t',
          u'\n\t                            \t\t',
          u'\n              \t\t              \t',
          u'\n\t              141              \t',
          u'\n\t              \u53f8\u5b83\u592b\u5b9a              \t',
          u'\n\t                            \t',
          u'\n\t              1\u6297\u5fae\u751f\u7269\u836f\u72691.5 \u6297\u75c5\u6bd2\u836f\u72691.5.4 \u5176\u4ed6\u6297\u75c5\u6bd2\u836f\u7269 \u6297\u827e\u6ecb\u75c5\u7528\u836f              \t',
          u'\n\t              \u7532\u7c7b              \t',
          u'\n\t              \u25c7              \t',
          u'\n\t                            \t',
          u'\n\t                            \t\t',
          u'\n              \t\t              \t',
          u'\n\t              141              \t',
          u'\n\t              \u53bb\u7f9f\u57fa\u82f7              \t',
          u'\n\t                            \t',
          u'\n\t              1\u6297\u5fae\u751f\u7269\u836f\u72691.5 \u6297\u75c5\u6bd2\u836f\u72691.5.4 \u5176\u4ed6\u6297\u75c5\u6bd2\u836f\u7269 \u6297\u827e\u6ecb\u75c5\u7528\u836f              \t',
          u'\n\t              \u7532\u7c7b              \t',
          u'\n\t              \u25c7              \t',
          u'\n\t                            \t',
          u'\n\t                            \t\t',
          u'\n              \t\t              \t',
          u'\n\t              141              \t',
          u'\n\t              \u62c9\u7c73\u592b\u5b9a              \t',
          u'\n\t                            \t',
          u'\n\t              1\u6297\u5fae\u751f\u7269\u836f\u72691.5 \u6297\u75c5\u6bd2\u836f\u72691.5.4 \u5176\u4ed6\u6297\u75c5\u6bd2\u836f\u7269 \u6297\u827e\u6ecb\u75c5\u7528\u836f              \t',
          u'\n\t              \u7532\u7c7b              \t',
          u'\n\t              \u25c7              \t',
          u'\n\t                            \t',
          u'\n\t                            \t\t',
          u'\n              \t\t              \t']}
Traceback (most recent call last):
  File "d:\language\python2.7\pythonxy\python27\lib\site-packages\twisted\internet\defer.py", line 588, in _runCallbacks
    current.result = callback(current.result, *args, **kw)
  File "D:\Users\WillowLiu\Desktop\DemoScrapy\DemoScrapy\DemoScrapy\pipelines.py", line 30, in process_item
    self.file.write (line)
UnicodeEncodeError: 'ascii' codec can't encode characters in position 70-72: ordinal not in range(128)
2016-05-26 23:41:20 [scrapy] INFO: Closing spider (finished)
2016-05-26 23:41:20 [scrapy] INFO: Dumping Scrapy stats:
{'downloader/request_bytes': 237,
 'downloader/request_count': 1,
 'downloader/request_method_count/GET': 1,
 'downloader/response_bytes': 9306,
 'downloader/response_count': 1,
 'downloader/response_status_count/200': 1,
 'finish_reason': 'finished',
 'finish_time': datetime.datetime(2016, 5, 26, 15, 41, 20, 670000),
 'log_count/DEBUG': 2,
 'log_count/ERROR': 1,
 'log_count/INFO': 7,
 'response_received_count': 1,
 'scheduler/dequeued': 1,
 'scheduler/dequeued/memory': 1,
 'scheduler/enqueued': 1,
 'scheduler/enqueued/memory': 1,
 'start_time': datetime.datetime(2016, 5, 26, 15, 41, 20, 157000)}
2016-05-26 23:41:20 [scrapy] INFO: Spider closed (finished)
2016-05-26 23:42:06 [scrapy] INFO: Scrapy 1.0.5 started (bot: DemoScrapy)
2016-05-26 23:42:06 [scrapy] INFO: Optional features available: ssl, http11
2016-05-26 23:42:06 [scrapy] INFO: Overridden settings: {'NEWSPIDER_MODULE': 'DemoScrapy.spiders', 'CONCURRENT_REQUESTS_PER_DOMAIN': 16, 'CONCURRENT_REQUESTS': 32, 'SPIDER_MODULES': ['DemoScrapy.spiders'], 'CONCURRENT_REQUESTS_PER_IP': 16, 'BOT_NAME': 'DemoScrapy', 'COOKIES_ENABLED': False, 'USER_AGENT': 'DemoScrapy (+http://www.yourdomain.com)', 'LOG_FILE': 'scrapy.log', 'DOWNLOAD_DELAY': 3}
2016-05-26 23:42:06 [scrapy] INFO: Enabled extensions: CloseSpider, TelnetConsole, LogStats, CoreStats, SpiderState
2016-05-26 23:42:07 [scrapy] INFO: Enabled downloader middlewares: HttpAuthMiddleware, DownloadTimeoutMiddleware, UserAgentMiddleware, RetryMiddleware, DefaultHeadersMiddleware, MetaRefreshMiddleware, HttpCompressionMiddleware, RedirectMiddleware, ChunkedTransferMiddleware, DownloaderStats
2016-05-26 23:42:07 [scrapy] INFO: Enabled spider middlewares: HttpErrorMiddleware, OffsiteMiddleware, RefererMiddleware, UrlLengthMiddleware, DepthMiddleware
2016-05-26 23:42:07 [scrapy] INFO: Enabled item pipelines: JsonWriterPipeline
2016-05-26 23:42:07 [scrapy] INFO: Spider opened
2016-05-26 23:42:07 [scrapy] INFO: Crawled 0 pages (at 0 pages/min), scraped 0 items (at 0 items/min)
2016-05-26 23:42:07 [scrapy] DEBUG: Telnet console listening on 127.0.0.1:6023
2016-05-26 23:42:07 [scrapy] DEBUG: Crawled (200) <GET http://db.yaozh.com/yibao?p=116&pageSize=30> (referer: None)
2016-05-26 23:42:07 [scrapy] ERROR: Error processing {'name': [u'\n\t              198              \t',
          u'\n\t              \u6c28\u915a\u4f2a\u9ebb\u80f6\u56ca              \t',
          u'\n\t                            \t',
          u'\n\t              3\u89e3\u70ed\u9547\u75db\u53ca\u975e\u753e\u4f53\u6297\u708e\u836f\u72693.1 \u89e3\u70ed\u9547\u75db\u53ca\u975e\u753e\u4f53\u6297\u708e\u836f\u72693.1.3 \u5176\u4ed6\u89e3\u70ed\u9547\u75db\u53ca\u975e\u753e\u4f53\u6297\u708e\u836f\u7269              \t',
          u'\n\t              \u4e59\u7c7b              \t',
          u'\n\t              \u7f13\u89e3\u611f\u5192\u75c7\u72b6\u7684\u590d\u65b9OTC\u5236\u5242              \t',
          u'\n\t                            \t',
          u'\n\t                            \t\t',
          u'\n              \t\t              \t',
          u'\n\t              198              \t',
          u'\n\t              \u6c28\u915a\u4f2a\u9ebb\u5480\u56bc\u7247              \t',
          u'\n\t                            \t',
          u'\n\t              3\u89e3\u70ed\u9547\u75db\u53ca\u975e\u753e\u4f53\u6297\u708e\u836f\u72693.1 \u89e3\u70ed\u9547\u75db\u53ca\u975e\u753e\u4f53\u6297\u708e\u836f\u72693.1.3 \u5176\u4ed6\u89e3\u70ed\u9547\u75db\u53ca\u975e\u753e\u4f53\u6297\u708e\u836f\u7269              \t',
          u'\n\t              \u4e59\u7c7b              \t',
          u'\n\t              \u7f13\u89e3\u611f\u5192\u75c7\u72b6\u7684\u590d\u65b9OTC\u5236\u5242              \t',
          u'\n\t                            \t',
          u'\n\t                            \t\t',
          u'\n              \t\t              \t',
          u'\n\t              198              \t',
          u'\n\t              \u6c28\u915a\u4f2a\u9ebb\u9897\u7c92\u5242              \t',
          u'\n\t                            \t',
          u'\n\t              3\u89e3\u70ed\u9547\u75db\u53ca\u975e\u753e\u4f53\u6297\u708e\u836f\u72693.1 \u89e3\u70ed\u9547\u75db\u53ca\u975e\u753e\u4f53\u6297\u708e\u836f\u72693.1.3 \u5176\u4ed6\u89e3\u70ed\u9547\u75db\u53ca\u975e\u753e\u4f53\u6297\u708e\u836f\u7269              \t',
          u'\n\t              \u4e59\u7c7b              \t',
          u'\n\t              \u7f13\u89e3\u611f\u5192\u75c7\u72b6\u7684\u590d\u65b9OTC\u5236\u5242              \t',
          u'\n\t                            \t',
          u'\n\t                            \t\t',
          u'\n              \t\t              \t',
          u'\n\t              198              \t',
          u'\n\t              \u6c28\u915a\u4f2a\u9ebb\u7f8e\u90a3\u654f\u7247              \t',
          u'\n\t                            \t',
          u'\n\t              3\u89e3\u70ed\u9547\u75db\u53ca\u975e\u753e\u4f53\u6297\u708e\u836f\u72693.1 \u89e3\u70ed\u9547\u75db\u53ca\u975e\u753e\u4f53\u6297\u708e\u836f\u72693.1.3 \u5176\u4ed6\u89e3\u70ed\u9547\u75db\u53ca\u975e\u753e\u4f53\u6297\u708e\u836f\u7269              \t',
          u'\n\t              \u4e59\u7c7b              \t',
          u'\n\t              \u7f13\u89e3\u611f\u5192\u75c7\u72b6\u7684\u590d\u65b9OTC\u5236\u5242              \t',
          u'\n\t                            \t\t',
          u'\n              \t\t              \t',
          u'\n\t                            \t\t',
          u'\n              \t\t              \t',
          u'\n\t              198              \t',
          u'\n\t              \u6c28\u915a\u4f2a\u9ebb\u90a3\u654f\u80f6\u56ca              \t',
          u'\n\t                            \t',
          u'\n\t              3\u89e3\u70ed\u9547\u75db\u53ca\u975e\u753e\u4f53\u6297\u708e\u836f\u72693.1 \u89e3\u70ed\u9547\u75db\u53ca\u975e\u753e\u4f53\u6297\u708e\u836f\u72693.1.3 \u5176\u4ed6\u89e3\u70ed\u9547\u75db\u53ca\u975e\u753e\u4f53\u6297\u708e\u836f\u7269              \t',
          u'\n\t              \u4e59\u7c7b              \t',
          u'\n\t              \u7f13\u89e3\u611f\u5192\u75c7\u72b6\u7684\u590d\u65b9OTC\u5236\u5242              \t',
          u'\n\t                            \t',
          u'\n\t                            \t\t',
          u'\n              \t\t              \t',
          u'\n\t              198              \t',
          u'\n\t              \u6c28\u915a\u4f2a\u9ebb\u90a3\u654f\u80f6\u56ca(\u591c\u7528\uff09              \t',
          u'\n\t                            \t',
          u'\n\t              3\u89e3\u70ed\u9547\u75db\u53ca\u975e\u753e\u4f53\u6297\u708e\u836f\u72693.1 \u89e3\u70ed\u9547\u75db\u53ca\u975e\u753e\u4f53\u6297\u708e\u836f\u72693.1.3 \u5176\u4ed6\u89e3\u70ed\u9547\u75db\u53ca\u975e\u753e\u4f53\u6297\u708e\u836f\u7269              \t',
          u'\n\t              \u4e59\u7c7b              \t',
          u'\n\t              \u7f13\u89e3\u611f\u5192\u75c7\u72b6\u7684\u590d\u65b9OTC\u5236\u5242              \t',
          u'\n\t                            \t',
          u'\n\t                            \t\t',
          u'\n              \t\t              \t',
          u'\n\t              198              \t',
          u'\n\t              \u6c28\u915a\u4f2a\u9ebb\u90a3\u654f\u5480\u56bc\u7247              \t',
          u'\n\t                            \t',
          u'\n\t              3\u89e3\u70ed\u9547\u75db\u53ca\u975e\u753e\u4f53\u6297\u708e\u836f\u72693.1 \u89e3\u70ed\u9547\u75db\u53ca\u975e\u753e\u4f53\u6297\u708e\u836f\u72693.1.3 \u5176\u4ed6\u89e3\u70ed\u9547\u75db\u53ca\u975e\u753e\u4f53\u6297\u708e\u836f\u7269              \t',
          u'\n\t              \u4e59\u7c7b              \t',
          u'\n\t              \u7f13\u89e3\u611f\u5192\u75c7\u72b6\u7684\u590d\u65b9OTC\u5236\u5242              \t',
          u'\n\t                            \t',
          u'\n\t                            \t\t',
          u'\n              \t\t              \t',
          u'\n\t              198              \t',
          u'\n\t              \u6c28\u915a\u4f2a\u9ebb\u90a3\u654f\u7247              \t',
          u'\n\t                            \t',
          u'\n\t              3\u89e3\u70ed\u9547\u75db\u53ca\u975e\u753e\u4f53\u6297\u708e\u836f\u72693.1 \u89e3\u70ed\u9547\u75db\u53ca\u975e\u753e\u4f53\u6297\u708e\u836f\u72693.1.3 \u5176\u4ed6\u89e3\u70ed\u9547\u75db\u53ca\u975e\u753e\u4f53\u6297\u708e\u836f\u7269              \t',
          u'\n\t              \u4e59\u7c7b              \t',
          u'\n\t              \u7f13\u89e3\u611f\u5192\u75c7\u72b6\u7684\u590d\u65b9OTC\u5236\u5242              \t',
          u'\n\t                            \t',
          u'\n\t                            \t\t',
          u'\n              \t\t              \t',
          u'\n\t              198              \t',
          u'\n\t              \u6c28\u915a\u4f2a\u9ebb\u90a3\u654f\u6eb6\u6db2              \t',
          u'\n\t                            \t',
          u'\n\t              3\u89e3\u70ed\u9547\u75db\u53ca\u975e\u753e\u4f53\u6297\u708e\u836f\u72693.1 \u89e3\u70ed\u9547\u75db\u53ca\u975e\u753e\u4f53\u6297\u708e\u836f\u72693.1.3 \u5176\u4ed6\u89e3\u70ed\u9547\u75db\u53ca\u975e\u753e\u4f53\u6297\u708e\u836f\u7269              \t',
          u'\n\t              \u4e59\u7c7b              \t',
          u'\n\t              \u7f13\u89e3\u611f\u5192\u75c7\u72b6\u7684\u590d\u65b9OTC\u5236\u5242              \t',
          u'\n\t                            \t',
          u'\n\t                            \t\t',
          u'\n              \t\t              \t',
          u'\n\t              198              \t',
          u'\n\t              \u6c28\u915a\u4f2a\u9ebb\u7247              \t',
          u'\n\t                            \t',
          u'\n\t              3\u89e3\u70ed\u9547\u75db\u53ca\u975e\u753e\u4f53\u6297\u708e\u836f\u72693.1 \u89e3\u70ed\u9547\u75db\u53ca\u975e\u753e\u4f53\u6297\u708e\u836f\u72693.1.3 \u5176\u4ed6\u89e3\u70ed\u9547\u75db\u53ca\u975e\u753e\u4f53\u6297\u708e\u836f\u7269              \t',
          u'\n\t              \u4e59\u7c7b              \t',
          u'\n\t              \u7f13\u89e3\u611f\u5192\u75c7\u72b6\u7684\u590d\u65b9OTC\u5236\u5242              \t',
          u'\n\t                            \t',
          u'\n\t                            \t\t',
          u'\n              \t\t              \t',
          u'\n\t              198              \t',
          u'\n\t              \u6c28\u91d1\u9ec4\u654f\u9897\u7c92              \t',
          u'\n\t                            \t',
          u'\n\t              3\u89e3\u70ed\u9547\u75db\u53ca\u975e\u753e\u4f53\u6297\u708e\u836f\u72693.1 \u89e3\u70ed\u9547\u75db\u53ca\u975e\u753e\u4f53\u6297\u708e\u836f\u72693.1.3 \u5176\u4ed6\u89e3\u70ed\u9547\u75db\u53ca\u975e\u753e\u4f53\u6297\u708e\u836f\u7269              \t',
          u'\n\t              \u4e59\u7c7b              \t',
          u'\n\t              \u7f13\u89e3\u611f\u5192\u75c7\u72b6\u7684\u590d\u65b9OTC\u5236\u5242              \t',
          u'\n\t                            \t',
          u'\n\t                            \t\t',
          u'\n              \t\t              \t',
          u'\n\t              198              \t',
          u'\n\t              \u6c28\u5496\u9ec4\u654f\u80f6\u56ca              \t',
          u'\n\t                            \t',
          u'\n\t              3\u89e3\u70ed\u9547\u75db\u53ca\u975e\u753e\u4f53\u6297\u708e\u836f\u72693.1 \u89e3\u70ed\u9547\u75db\u53ca\u975e\u753e\u4f53\u6297\u708e\u836f\u72693.1.3 \u5176\u4ed6\u89e3\u70ed\u9547\u75db\u53ca\u975e\u753e\u4f53\u6297\u708e\u836f\u7269              \t',
          u'\n\t              \u4e59\u7c7b              \t',
          u'\n\t              \u7f13\u89e3\u611f\u5192\u75c7\u72b6\u7684\u590d\u65b9OTC\u5236\u5242              \t',
          u'\n\t                            \t',
          u'\n\t                            \t\t',
          u'\n              \t\t              \t',
          u'\n\t              198              \t',
          u'\n\t              \u6c28\u5496\u9ec4\u654f\u7247              \t',
          u'\n\t                            \t',
          u'\n\t              3\u89e3\u70ed\u9547\u75db\u53ca\u975e\u753e\u4f53\u6297\u708e\u836f\u72693.1 \u89e3\u70ed\u9547\u75db\u53ca\u975e\u753e\u4f53\u6297\u708e\u836f\u72693.1.3 \u5176\u4ed6\u89e3\u70ed\u9547\u75db\u53ca\u975e\u753e\u4f53\u6297\u708e\u836f\u7269              \t',
          u'\n\t              \u4e59\u7c7b              \t',
          u'\n\t              \u7f13\u89e3\u611f\u5192\u75c7\u72b6\u7684\u590d\u65b9OTC\u5236\u5242              \t',
          u'\n\t                            \t',
          u'\n\t                            \t\t',
          u'\n              \t\t              \t',
          u'\n\t              198              \t',
          u'\n\t              \u6c28\u5496\u9ebb\u654f\u80f6\u56ca              \t',
          u'\n\t                            \t',
          u'\n\t              3\u89e3\u70ed\u9547\u75db\u53ca\u975e\u753e\u4f53\u6297\u708e\u836f\u72693.1 \u89e3\u70ed\u9547\u75db\u53ca\u975e\u753e\u4f53\u6297\u708e\u836f\u72693.1.3 \u5176\u4ed6\u89e3\u70ed\u9547\u75db\u53ca\u975e\u753e\u4f53\u6297\u708e\u836f\u7269              \t',
          u'\n\t              \u4e59\u7c7b              \t',
          u'\n\t              \u7f13\u89e3\u611f\u5192\u75c7\u72b6\u7684\u590d\u65b9OTC\u5236\u5242              \t',
          u'\n\t                            \t',
          u'\n\t                            \t\t',
          u'\n              \t\t              \t',
          u'\n\t              198              \t',
          u'\n\t              \u6c28\u5496\u6108\u654f\u6eb6\u6db2              \t',
          u'\n\t                            \t',
          u'\n\t              3\u89e3\u70ed\u9547\u75db\u53ca\u975e\u753e\u4f53\u6297\u708e\u836f\u72693.1 \u89e3\u70ed\u9547\u75db\u53ca\u975e\u753e\u4f53\u6297\u708e\u836f\u72693.1.3 \u5176\u4ed6\u89e3\u70ed\u9547\u75db\u53ca\u975e\u753e\u4f53\u6297\u708e\u836f\u7269              \t',
          u'\n\t              \u4e59\u7c7b              \t',
          u'\n\t              \u7f13\u89e3\u611f\u5192\u75c7\u72b6\u7684\u590d\u65b9OTC\u5236\u5242              \t',
          u'\n\t                            \t',
          u'\n\t                            \t\t',
          u'\n              \t\t              \t',
          u'\n\t              198              \t',
          u'\n\t              \u8d1d\u654f\u4f2a\u9ebb\u7247              \t',
          u'\n\t                            \t',
          u'\n\t              3\u89e3\u70ed\u9547\u75db\u53ca\u975e\u753e\u4f53\u6297\u708e\u836f\u72693.1 \u89e3\u70ed\u9547\u75db\u53ca\u975e\u753e\u4f53\u6297\u708e\u836f\u72693.1.3 \u5176\u4ed6\u89e3\u70ed\u9547\u75db\u53ca\u975e\u753e\u4f53\u6297\u708e\u836f\u7269              \t',
          u'\n\t              \u4e59\u7c7b              \t',
          u'\n\t              \u7f13\u89e3\u611f\u5192\u75c7\u72b6\u7684\u590d\u65b9OTC\u5236\u5242              \t',
          u'\n\t                            \t',
          u'\n\t                            \t\t',
          u'\n              \t\t              \t',
          u'\n\t              198              \t',
          u'\n\t              \u5e03\u6d1b\u4f2a\u9ebb\u5206\u6563\u7247              \t',
          u'\n\t                            \t',
          u'\n\t              3\u89e3\u70ed\u9547\u75db\u53ca\u975e\u753e\u4f53\u6297\u708e\u836f\u72693.1 \u89e3\u70ed\u9547\u75db\u53ca\u975e\u753e\u4f53\u6297\u708e\u836f\u72693.1.3 \u5176\u4ed6\u89e3\u70ed\u9547\u75db\u53ca\u975e\u753e\u4f53\u6297\u708e\u836f\u7269              \t',
          u'\n\t              \u4e59\u7c7b              \t',
          u'\n\t              \u7f13\u89e3\u611f\u5192\u75c7\u72b6\u7684\u590d\u65b9OTC\u5236\u5242              \t',
          u'\n\t                            \t',
          u'\n\t                            \t\t',
          u'\n              \t\t              \t',
          u'\n\t              198              \t',
          u'\n\t              \u5e03\u6d1b\u4f2a\u9ebb\u80f6\u56ca              \t',
          u'\n\t                            \t',
          u'\n\t              3\u89e3\u70ed\u9547\u75db\u53ca\u975e\u753e\u4f53\u6297\u708e\u836f\u72693.1 \u89e3\u70ed\u9547\u75db\u53ca\u975e\u753e\u4f53\u6297\u708e\u836f\u72693.1.3 \u5176\u4ed6\u89e3\u70ed\u9547\u75db\u53ca\u975e\u753e\u4f53\u6297\u708e\u836f\u7269              \t',
          u'\n\t              \u4e59\u7c7b              \t',
          u'\n\t              \u7f13\u89e3\u611f\u5192\u75c7\u72b6\u7684\u590d\u65b9OTC\u5236\u5242              \t',
          u'\n\t                            \t',
          u'\n\t                            \t\t',
          u'\n              \t\t              \t',
          u'\n\t              198              \t',
          u'\n\t              \u5e03\u6d1b\u4f2a\u9ebb\u9897\u7c92\u5242              \t',
          u'\n\t                            \t',
          u'\n\t              3\u89e3\u70ed\u9547\u75db\u53ca\u975e\u753e\u4f53\u6297\u708e\u836f\u72693.1 \u89e3\u70ed\u9547\u75db\u53ca\u975e\u753e\u4f53\u6297\u708e\u836f\u72693.1.3 \u5176\u4ed6\u89e3\u70ed\u9547\u75db\u53ca\u975e\u753e\u4f53\u6297\u708e\u836f\u7269              \t',
          u'\n\t              \u4e59\u7c7b              \t',
          u'\n\t              \u7f13\u89e3\u611f\u5192\u75c7\u72b6\u7684\u590d\u65b9OTC\u5236\u5242              \t',
          u'\n\t                            \t',
          u'\n\t                            \t\t',
          u'\n              \t\t              \t',
          u'\n\t              198              \t',
          u'\n\t              \u5e03\u6d1b\u4f2a\u9ebb\u7247              \t',
          u'\n\t                            \t',
          u'\n\t              3\u89e3\u70ed\u9547\u75db\u53ca\u975e\u753e\u4f53\u6297\u708e\u836f\u72693.1 \u89e3\u70ed\u9547\u75db\u53ca\u975e\u753e\u4f53\u6297\u708e\u836f\u72693.1.3 \u5176\u4ed6\u89e3\u70ed\u9547\u75db\u53ca\u975e\u753e\u4f53\u6297\u708e\u836f\u7269              \t',
          u'\n\t              \u4e59\u7c7b              \t',
          u'\n\t              \u7f13\u89e3\u611f\u5192\u75c7\u72b6\u7684\u590d\u65b9OTC\u5236\u5242              \t',
          u'\n\t                            \t',
          u'\n\t                            \t\t',
          u'\n              \t\t              \t',
          u'\n\t              198              \t',
          u'\n\t              \u915a\u5496\u9ebb\u654f\u80f6\u56ca              \t',
          u'\n\t                            \t',
          u'\n\t              3\u89e3\u70ed\u9547\u75db\u53ca\u975e\u753e\u4f53\u6297\u708e\u836f\u72693.1 \u89e3\u70ed\u9547\u75db\u53ca\u975e\u753e\u4f53\u6297\u708e\u836f\u72693.1.3 \u5176\u4ed6\u89e3\u70ed\u9547\u75db\u53ca\u975e\u753e\u4f53\u6297\u708e\u836f\u7269              \t',
          u'\n\t              \u4e59\u7c7b              \t',
          u'\n\t              \u7f13\u89e3\u611f\u5192\u75c7\u72b6\u7684\u590d\u65b9OTC\u5236\u5242              \t',
          u'\n\t                            \t',
          u'\n\t                            \t\t',
          u'\n              \t\t              \t',
          u'\n\t              198              \t',
          u'\n\t              \u915a\u5496\u7247              \t',
          u'\n\t                            \t',
          u'\n\t              3\u89e3\u70ed\u9547\u75db\u53ca\u975e\u753e\u4f53\u6297\u708e\u836f\u72693.1 \u89e3\u70ed\u9547\u75db\u53ca\u975e\u753e\u4f53\u6297\u708e\u836f\u72693.1.3 \u5176\u4ed6\u89e3\u70ed\u9547\u75db\u53ca\u975e\u753e\u4f53\u6297\u708e\u836f\u7269              \t',
          u'\n\t              \u4e59\u7c7b              \t',
          u'\n\t              \u7f13\u89e3\u611f\u5192\u75c7\u72b6\u7684\u590d\u65b9OTC\u5236\u5242              \t',
          u'\n\t                            \t',
          u'\n\t                            \t\t',
          u'\n              \t\t              \t',
          u'\n\t              198              \t',
          u'\n\t              \u915a\u9ebb\u7f8e\u654f\u80f6\u56ca              \t',
          u'\n\t                            \t',
          u'\n\t              3\u89e3\u70ed\u9547\u75db\u53ca\u975e\u753e\u4f53\u6297\u708e\u836f\u72693.1 \u89e3\u70ed\u9547\u75db\u53ca\u975e\u753e\u4f53\u6297\u708e\u836f\u72693.1.3 \u5176\u4ed6\u89e3\u70ed\u9547\u75db\u53ca\u975e\u753e\u4f53\u6297\u708e\u836f\u7269              \t',
          u'\n\t              \u4e59\u7c7b              \t',
          u'\n\t              \u7f13\u89e3\u611f\u5192\u75c7\u72b6\u7684\u590d\u65b9OTC\u5236\u5242              \t',
          u'\n\t                            \t',
          u'\n\t                            \t\t',
          u'\n              \t\t              \t',
          u'\n\t              198              \t',
          u'\n\t              \u915a\u9ebb\u7f8e\u654f\u7247              \t',
          u'\n\t                            \t',
          u'\n\t              3\u89e3\u70ed\u9547\u75db\u53ca\u975e\u753e\u4f53\u6297\u708e\u836f\u72693.1 \u89e3\u70ed\u9547\u75db\u53ca\u975e\u753e\u4f53\u6297\u708e\u836f\u72693.1.3 \u5176\u4ed6\u89e3\u70ed\u9547\u75db\u53ca\u975e\u753e\u4f53\u6297\u708e\u836f\u7269              \t',
          u'\n\t              \u4e59\u7c7b              \t',
          u'\n\t              \u7f13\u89e3\u611f\u5192\u75c7\u72b6\u7684\u590d\u65b9OTC\u5236\u5242              \t',
          u'\n\t                            \t',
          u'\n\t                            \t\t',
          u'\n              \t\t              \t',
          u'\n\t              198              \t',
          u'\n\t              \u915a\u9ebb\u7f8e\u8f6f\u80f6\u56ca              \t',
          u'\n\t                            \t',
          u'\n\t              3\u89e3\u70ed\u9547\u75db\u53ca\u975e\u753e\u4f53\u6297\u708e\u836f\u72693.1 \u89e3\u70ed\u9547\u75db\u53ca\u975e\u753e\u4f53\u6297\u708e\u836f\u72693.1.3 \u5176\u4ed6\u89e3\u70ed\u9547\u75db\u53ca\u975e\u753e\u4f53\u6297\u708e\u836f\u7269              \t',
          u'\n\t              \u4e59\u7c7b              \t',
          u'\n\t              \u7f13\u89e3\u611f\u5192\u75c7\u72b6\u7684\u590d\u65b9OTC\u5236\u5242              \t',
          u'\n\t                            \t',
          u'\n\t                            \t\t',
          u'\n              \t\t              \t',
          u'\n\t              198              \t',
          u'\n\t              \u915a\u7f8e\u6108\u4f2a\u9ebb\u53e3\u670d\u6db2              \t',
          u'\n\t                            \t',
          u'\n\t              3\u89e3\u70ed\u9547\u75db\u53ca\u975e\u753e\u4f53\u6297\u708e\u836f\u72693.1 \u89e3\u70ed\u9547\u75db\u53ca\u975e\u753e\u4f53\u6297\u708e\u836f\u72693.1.3 \u5176\u4ed6\u89e3\u70ed\u9547\u75db\u53ca\u975e\u753e\u4f53\u6297\u708e\u836f\u7269              \t',
          u'\n\t              \u4e59\u7c7b              \t',
          u'\n\t              \u7f13\u89e3\u611f\u5192\u75c7\u72b6\u7684\u590d\u65b9OTC\u5236\u5242              \t',
          u'\n\t                            \t',
          u'\n\t                            \t\t',
          u'\n              \t\t              \t',
          u'\n\t              198              \t',
          u'\n\t              \u915a\u660e\u4f2a\u9ebb\u7247              \t',
          u'\n\t                            \t',
          u'\n\t              3\u89e3\u70ed\u9547\u75db\u53ca\u975e\u753e\u4f53\u6297\u708e\u836f\u72693.1 \u89e3\u70ed\u9547\u75db\u53ca\u975e\u753e\u4f53\u6297\u708e\u836f\u72693.1.3 \u5176\u4ed6\u89e3\u70ed\u9547\u75db\u53ca\u975e\u753e\u4f53\u6297\u708e\u836f\u7269              \t',
          u'\n\t              \u4e59\u7c7b              \t',
          u'\n\t              \u7f13\u89e3\u611f\u5192\u75c7\u72b6\u7684\u590d\u65b9OTC\u5236\u5242              \t',
          u'\n\t                            \t',
          u'\n\t                            \t\t',
          u'\n              \t\t              \t',
          u'\n\t              198              \t',
          u'\n\t              \u590d\u65b9\u6c28\u915a\u7f8e\u6c99\u7cd6\u6d46              \t',
          u'\n\t                            \t',
          u'\n\t              3\u89e3\u70ed\u9547\u75db\u53ca\u975e\u753e\u4f53\u6297\u708e\u836f\u72693.1 \u89e3\u70ed\u9547\u75db\u53ca\u975e\u753e\u4f53\u6297\u708e\u836f\u72693.1.3 \u5176\u4ed6\u89e3\u70ed\u9547\u75db\u53ca\u975e\u753e\u4f53\u6297\u708e\u836f\u7269              \t',
          u'\n\t              \u4e59\u7c7b              \t',
          u'\n\t              \u7f13\u89e3\u611f\u5192\u75c7\u72b6\u7684\u590d\u65b9OTC\u5236\u5242              \t',
          u'\n\t                            \t',
          u'\n\t                            \t\t',
          u'\n              \t\t              \t',
          u'\n\t              198              \t',
          u'\n\t              \u590d\u65b9\u6c28\u915a\u90a3\u654f\u9897\u7c92              \t',
          u'\n\t                            \t',
          u'\n\t              3\u89e3\u70ed\u9547\u75db\u53ca\u975e\u753e\u4f53\u6297\u708e\u836f\u72693.1 \u89e3\u70ed\u9547\u75db\u53ca\u975e\u753e\u4f53\u6297\u708e\u836f\u72693.1.3 \u5176\u4ed6\u89e3\u70ed\u9547\u75db\u53ca\u975e\u753e\u4f53\u6297\u708e\u836f\u7269              \t',
          u'\n\t              \u4e59\u7c7b              \t',
          u'\n\t              \u7f13\u89e3\u611f\u5192\u75c7\u72b6\u7684\u590d\u65b9OTC\u5236\u5242              \t',
          u'\n\t                            \t',
          u'\n\t                            \t\t',
          u'\n              \t\t              \t',
          u'\n\t              198              \t',
          u'\n\t              \u590d\u65b9\u6c28\u915a\u8461\u950c\u7247              \t',
          u'\n\t                            \t',
          u'\n\t              3\u89e3\u70ed\u9547\u75db\u53ca\u975e\u753e\u4f53\u6297\u708e\u836f\u72693.1 \u89e3\u70ed\u9547\u75db\u53ca\u975e\u753e\u4f53\u6297\u708e\u836f\u72693.1.3 \u5176\u4ed6\u89e3\u70ed\u9547\u75db\u53ca\u975e\u753e\u4f53\u6297\u708e\u836f\u7269              \t',
          u'\n\t              \u4e59\u7c7b              \t',
          u'\n\t              \u7f13\u89e3\u611f\u5192\u75c7\u72b6\u7684\u590d\u65b9OTC\u5236\u5242              \t',
          u'\n\t                            \t',
          u'\n\t                            \t\t',
          u'\n              \t\t              \t']}
Traceback (most recent call last):
  File "d:\language\python2.7\pythonxy\python27\lib\site-packages\twisted\internet\defer.py", line 588, in _runCallbacks
    current.result = callback(current.result, *args, **kw)
  File "D:\Users\WillowLiu\Desktop\DemoScrapy\DemoScrapy\DemoScrapy\pipelines.py", line 30, in process_item
    self.file.write (line)
UnicodeEncodeError: 'ascii' codec can't encode characters in position 70-75: ordinal not in range(128)
2016-05-26 23:42:07 [scrapy] INFO: Closing spider (finished)
2016-05-26 23:42:07 [scrapy] INFO: Dumping Scrapy stats:
{'downloader/request_bytes': 239,
 'downloader/request_count': 1,
 'downloader/request_method_count/GET': 1,
 'downloader/response_bytes': 9053,
 'downloader/response_count': 1,
 'downloader/response_status_count/200': 1,
 'finish_reason': 'finished',
 'finish_time': datetime.datetime(2016, 5, 26, 15, 42, 7, 698000),
 'log_count/DEBUG': 2,
 'log_count/ERROR': 1,
 'log_count/INFO': 7,
 'response_received_count': 1,
 'scheduler/dequeued': 1,
 'scheduler/dequeued/memory': 1,
 'scheduler/enqueued': 1,
 'scheduler/enqueued/memory': 1,
 'start_time': datetime.datetime(2016, 5, 26, 15, 42, 7, 36000)}
2016-05-26 23:42:07 [scrapy] INFO: Spider closed (finished)
